生成启动时间为 2019/4/20 11:23:45。
     1>项目“E:\githut\c-primer_class_task\chapter10\chapter10.vcxproj”在节点 2 上(Build 个目标)。
     1>ClCompile:
         C:\Program Files (x86)\Microsoft Visual Studio 12.0\VC\bin\CL.exe /c /ZI /nologo /W3 /WX- /sdl /Od /Oy- /D WIN32 /D _DEBUG /D _CONSOLE /D _LIB /D _UNICODE /D UNICODE /Gm /EHsc /RTC1 /MDd /GS /fp:precise /Zc:wchar_t /Zc:forScope /Fo"Debug\\" /Fd"Debug\vc120.pdb" /Gd /TP /analyze- /errorReport:prompt 10_4_1.cpp
         10_4_1.cpp
     1>c:\program files (x86)\microsoft visual studio 12.0\vc\include\iterator(91): error C2039: “push_front”: 不是“std::vector<int,std::allocator<_Ty>>”的成员
                 with
                 [
                     _Ty=int
                 ]
                 c:\program files (x86)\microsoft visual studio 12.0\vc\include\iterator(90): 编译类 模板 成员函数“std::front_insert_iterator<std::vector<int,std::allocator<_Ty>>> &std::front_insert_iterator<std::vector<_Ty,std::allocator<_Ty>>>::operator =(const int &)”时
                 with
                 [
                     _Ty=int
                 ]
                 e:\githut\c-primer_class_task\chapter10\10_4_1.cpp(45): 参见对正在编译的函数 模板 实例化“std::front_insert_iterator<std::vector<int,std::allocator<_Ty>>> &std::front_insert_iterator<std::vector<_Ty,std::allocator<_Ty>>>::operator =(const int &)”的引用
                 with
                 [
                     _Ty=int
                 ]
                 e:\githut\c-primer_class_task\chapter10\10_4_1.cpp(45): 参见对正在编译的类 模板 实例化“std::front_insert_iterator<std::vector<int,std::allocator<_Ty>>>”的引用
                 with
                 [
                     _Ty=int
                 ]
     1>已完成生成项目“E:\githut\c-primer_class_task\chapter10\chapter10.vcxproj”(Build 个目标)的操作 - 失败。

生成失败。

已用时间 00:00:00.42
