e:\githut\c-primer_class_task\chapter3\debug\vc100.pdb
e:\githut\c-primer_class_task\chapter3\debug\3_2_2.obj
e:\githut\c-primer_class_task\chapter3\debug\chapter3.ilk
e:\githut\c-primer_class_task\chapter3\debug\chapter3.exe
e:\githut\c-primer_class_task\chapter3\debug\chapter3.exe.intermediate.manifest
e:\githut\c-primer_class_task\chapter3\debug\chapter3.pdb
e:\githut\c-primer_class_task\chapter3\debug\chapter3.exe.embed.manifest
e:\githut\c-primer_class_task\chapter3\debug\chapter3.exe.embed.manifest.res
e:\githut\c-primer_class_task\chapter3\debug\vc120.pdb
e:\githut\c-primer_class_task\chapter3\debug\vc120.idb
e:\githut\c-primer_class_task\chapter3\debug\3_2_3.obj
e:\githut\c-primer_class_task\chapter3\debug\chapter3.vcxprojresolveassemblyreference.cache
e:\githut\c-primer_class_task\chapter3\debug\chapter3.write.1.tlog
e:\githut\c-primer_class_task\chapter3\debug\cl.command.1.tlog
e:\githut\c-primer_class_task\chapter3\debug\cl.read.1.tlog
e:\githut\c-primer_class_task\chapter3\debug\cl.write.1.tlog
e:\githut\c-primer_class_task\chapter3\debug\link-cvtres.read.1.tlog
e:\githut\c-primer_class_task\chapter3\debug\link-cvtres.write.1.tlog
e:\githut\c-primer_class_task\chapter3\debug\link.4788-cvtres.read.1.tlog
e:\githut\c-primer_class_task\chapter3\debug\link.4788-cvtres.write.1.tlog
e:\githut\c-primer_class_task\chapter3\debug\link.4788.read.1.tlog
e:\githut\c-primer_class_task\chapter3\debug\link.4788.write.1.tlog
e:\githut\c-primer_class_task\chapter3\debug\link.9132-cvtres.read.1.tlog
e:\githut\c-primer_class_task\chapter3\debug\link.9132-cvtres.write.1.tlog
e:\githut\c-primer_class_task\chapter3\debug\link.9132.read.1.tlog
e:\githut\c-primer_class_task\chapter3\debug\link.9132.write.1.tlog
e:\githut\c-primer_class_task\chapter3\debug\link.9288-cvtres.read.1.tlog
e:\githut\c-primer_class_task\chapter3\debug\link.9288-cvtres.write.1.tlog
e:\githut\c-primer_class_task\chapter3\debug\link.9288.read.1.tlog
e:\githut\c-primer_class_task\chapter3\debug\link.9288.write.1.tlog
e:\githut\c-primer_class_task\chapter3\debug\link.9444-cvtres.read.1.tlog
e:\githut\c-primer_class_task\chapter3\debug\link.9444-cvtres.write.1.tlog
e:\githut\c-primer_class_task\chapter3\debug\link.9444.read.1.tlog
e:\githut\c-primer_class_task\chapter3\debug\link.9444.write.1.tlog
e:\githut\c-primer_class_task\chapter3\debug\link.9584-cvtres.read.1.tlog
e:\githut\c-primer_class_task\chapter3\debug\link.9584-cvtres.write.1.tlog
e:\githut\c-primer_class_task\chapter3\debug\link.9584.read.1.tlog
e:\githut\c-primer_class_task\chapter3\debug\link.9584.write.1.tlog
e:\githut\c-primer_class_task\chapter3\debug\link.9908-cvtres.read.1.tlog
e:\githut\c-primer_class_task\chapter3\debug\link.9908-cvtres.write.1.tlog
e:\githut\c-primer_class_task\chapter3\debug\link.9908.read.1.tlog
e:\githut\c-primer_class_task\chapter3\debug\link.9908.write.1.tlog
e:\githut\c-primer_class_task\chapter3\debug\link.command.1.tlog
e:\githut\c-primer_class_task\chapter3\debug\link.read.1.tlog
e:\githut\c-primer_class_task\chapter3\debug\link.write.1.tlog
e:\githut\c-primer_class_task\chapter3\debug\mt.command.1.tlog
e:\githut\c-primer_class_task\chapter3\debug\mt.read.1.tlog
e:\githut\c-primer_class_task\chapter3\debug\mt.write.1.tlog
e:\githut\c-primer_class_task\chapter3\debug\rc.command.1.tlog
e:\githut\c-primer_class_task\chapter3\debug\rc.read.1.tlog
e:\githut\c-primer_class_task\chapter3\debug\rc.write.1.tlog
e:\githut\c-primer_class_task\chapter3\debug\vc100.idb
e:\githut\c-primer_class_task\chapter3\debug\chapter3_manifest.rc
e:\githut\c-primer_class_task\chapter3\debug\chapter3.tlog\cl.command.1.tlog
e:\githut\c-primer_class_task\chapter3\debug\chapter3.tlog\cl.read.1.tlog
e:\githut\c-primer_class_task\chapter3\debug\chapter3.tlog\cl.write.1.tlog
e:\githut\c-primer_class_task\chapter3\debug\chapter3.tlog\link-cvtres.read.1.tlog
e:\githut\c-primer_class_task\chapter3\debug\chapter3.tlog\link-cvtres.write.1.tlog
e:\githut\c-primer_class_task\chapter3\debug\chapter3.tlog\link-rc.read.1.tlog
e:\githut\c-primer_class_task\chapter3\debug\chapter3.tlog\link-rc.write.1.tlog
e:\githut\c-primer_class_task\chapter3\debug\chapter3.tlog\link.command.1.tlog
e:\githut\c-primer_class_task\chapter3\debug\chapter3.tlog\link.read.1.tlog
e:\githut\c-primer_class_task\chapter3\debug\chapter3.tlog\link.write.1.tlog
